[debug] [2026-03-06T15:04:57.032Z] ----------------------------------------------------------------------
[debug] [2026-03-06T15:04:57.039Z] Command:       C:\Program Files\nodejs\node.exe C:\Users\Weliton\AppData\Roaming\npm\node_modules\firebase-tools\lib\bin\firebase.js init hosting
[debug] [2026-03-06T15:04:57.040Z] CLI Version:   15.9.0
[debug] [2026-03-06T15:04:57.040Z] Platform:      win32
[debug] [2026-03-06T15:04:57.041Z] Node Version:  v24.13.0
[debug] [2026-03-06T15:04:57.041Z] Time:          Fri Mar 06 2026 12:04:57 GMT-0300 (Horário Padrão de Brasília)
[debug] [2026-03-06T15:04:57.041Z] ----------------------------------------------------------------------
[debug] 
[info] 
     ######## #### ########  ######## ########     ###     ######  ########
     ##        ##  ##     ## ##       ##     ##  ##   ##  ##       ##
     ######    ##  ########  ######   ########  #########  ######  ######
     ##        ##  ##    ##  ##       ##     ## ##     ##       ## ##
     ##       #### ##     ## ######## ########  ##     ##  ######  ########

You're about to initialize a Firebase project in this directory:

  C:\Users\Weliton\.verdent\verdent-projects\Projeto Rh

[info] 
=== Project Setup
[info] 
[info] First, let's associate this project directory with a Firebase project.
[info] You can create multiple project aliases by running firebase use --add, 
[info] 
[debug] [2026-03-06T15:06:14.747Z] > command requires scopes: ["email","openid","https://www.googleapis.com/auth/cloudplatformprojects.readonly","https://www.googleapis.com/auth/firebase","https://www.googleapis.com/auth/cloud-platform"]
[debug] [2026-03-06T15:06:14.748Z] > authorizing via signed-in user (tibramar@gmail.com)
[debug] [2026-03-06T15:06:14.750Z] Checked if tokens are valid: true, expires at: 1772813060630
[debug] [2026-03-06T15:06:14.750Z] Checked if tokens are valid: true, expires at: 1772813060630
[debug] [2026-03-06T15:06:14.752Z] >>> [apiv2][query] GET https://firebase.googleapis.com/v1beta1/projects pageSize=100
[debug] [2026-03-06T15:06:15.651Z] <<< [apiv2][status] GET https://firebase.googleapis.com/v1beta1/projects 200
[debug] [2026-03-06T15:06:15.651Z] <<< [apiv2][body] GET https://firebase.googleapis.com/v1beta1/projects [omitted]
[info] 
=== Hosting Setup
[debug] [2026-03-06T15:06:34.414Z] Checked if tokens are valid: true, expires at: 1772813060630
[debug] [2026-03-06T15:06:34.414Z] Checked if tokens are valid: true, expires at: 1772813060630
[debug] [2026-03-06T15:06:34.414Z] >>> [apiv2][query] GET https://firebase.googleapis.com/v1beta1/projects/flutter-ai-playground-c914b [none]
[debug] [2026-03-06T15:06:34.865Z] <<< [apiv2][status] GET https://firebase.googleapis.com/v1beta1/projects/flutter-ai-playground-c914b 200
[debug] [2026-03-06T15:06:34.865Z] <<< [apiv2][body] GET https://firebase.googleapis.com/v1beta1/projects/flutter-ai-playground-c914b {"projectId":"flutter-ai-playground-c914b","projectNumber":"153661976794","displayName":"Flutter AI Playground","name":"projects/flutter-ai-playground-c914b","resources":{"hostingSite":"flutter-ai-playground-c914b"},"state":"ACTIVE","etag":"1_ed471ac7-94d6-4c76-82bc-d02eee935dec"}
[info] 
[info] Your public directory is the folder (relative to your project directory) that
[info] will contain Hosting assets to be uploaded with firebase deploy. If you
[info] have a build process for your assets, use your build's output directory.
[info] 
[info] 
[info] i  Detected a .git folder at C:\Users\Weliton\.verdent\verdent-projects\Projeto Rh 
[info] i  Authorizing with GitHub to upload your service account to a GitHub repository's secrets store. 
[info] 
[info] Visit this URL on this device to log in:
[info] https://github.com/login/oauth/authorize?client_id=89cf50f02ac6aaed3484&state=594684611&redirect_uri=http%3A%2F%2Flocalhost%3A9005&scope=read%3Auser%20repo%20public_repo
[info] 
[info] Waiting for authentication...
[debug] [2026-03-06T15:06:55.216Z] >>> [apiv2][query] POST https://github.com/login/oauth/access_token [none]
[debug] [2026-03-06T15:06:55.216Z] >>> [apiv2][body] POST https://github.com/login/oauth/access_token [stream]
[debug] [2026-03-06T15:06:56.239Z] <<< [apiv2][status] POST https://github.com/login/oauth/access_token 200
[debug] [2026-03-06T15:06:56.239Z] <<< [apiv2][body] POST https://github.com/login/oauth/access_token {"access_token":"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","token_type":"bearer","scope":"read:user,repo"}
[debug] [2026-03-06T15:06:56.246Z] >>> [apiv2][query] GET https://api.github.com/user [none]
[debug] [2026-03-06T15:06:56.574Z] <<< [apiv2][status] GET https://api.github.com/user 200
[debug] [2026-03-06T15:06:56.575Z] <<< [apiv2][body] GET https://api.github.com/user {"login":"tibramar-bit","id":255182867,"node_id":"U_kgDODzXIEw","avatar_url":"https://avatars.githubusercontent.com/u/255182867?v=4","gravatar_id":"","url":"https://api.github.com/users/tibramar-bit","html_url":"https://github.com/tibramar-bit","followers_url":"https://api.github.com/users/tibramar-bit/followers","following_url":"https://api.github.com/users/tibramar-bit/following{/other_user}","gists_url":"https://api.github.com/users/tibramar-bit/gists{/gist_id}","starred_url":"https://api.github.com/users/tibramar-bit/starred{/owner}{/repo}","subscriptions_url":"https://api.github.com/users/tibramar-bit/subscriptions","organizations_url":"https://api.github.com/users/tibramar-bit/orgs","repos_url":"https://api.github.com/users/tibramar-bit/repos","events_url":"https://api.github.com/users/tibramar-bit/events{/privacy}","received_events_url":"https://api.github.com/users/tibramar-bit/received_events","type":"User","user_view_type":"private","site_admin":false,"name":null,"company":null,"blog":"","location":null,"email":null,"hireable":null,"bio":null,"twitter_username":null,"notification_email":null,"public_repos":0,"public_gists":0,"followers":0,"following":0,"created_at":"2026-01-15T18:09:27Z","updated_at":"2026-01-15T18:09:27Z","private_gists":0,"total_private_repos":1,"owned_private_repos":1,"disk_usage":0,"collaborators":0,"two_factor_authentication":false,"plan":{"name":"free","space":976562499,"collaborators":0,"private_repos":10000}}
[info] 
[info] +  Success! Logged into GitHub as tibramar-bit 
[info] 
[debug] [2026-03-06T15:07:16.755Z] >>> [apiv2][query] GET https://api.github.com/repos//actions/secrets/public-key type=owner
[debug] [2026-03-06T15:07:16.942Z] <<< [apiv2][status] GET https://api.github.com/repos//actions/secrets/public-key 404
[debug] [2026-03-06T15:07:16.942Z] <<< [apiv2][body] GET https://api.github.com/repos//actions/secrets/public-key {"message":"Not Found","documentation_url":"https://docs.github.com/rest","status":"404"}
[info] 
[info] 
[error] !  The provided authorization cannot be used with this repository. If this repository is in an organization, did you remember to grant access? 
[info] 
[info] i  Action required: Visit this URL to ensure access has been granted to the appropriate organization(s) for the Firebase CLI GitHub OAuth App: 
[info] https://github.com/settings/connections/applications/89cf50f02ac6aaed3484
[info] 
[debug] [2026-03-06T15:07:27.610Z] >>> [apiv2][query] GET https://api.github.com/repos//actions/secrets/public-key type=owner
[debug] [2026-03-06T15:07:27.812Z] <<< [apiv2][status] GET https://api.github.com/repos//actions/secrets/public-key 404
[debug] [2026-03-06T15:07:27.812Z] <<< [apiv2][body] GET https://api.github.com/repos//actions/secrets/public-key {"message":"Not Found","documentation_url":"https://docs.github.com/rest","status":"404"}
[info] 
[info] 
[error] !  The provided authorization cannot be used with this repository. If this repository is in an organization, did you remember to grant access? 
[info] 
[info] i  Action required: Visit this URL to ensure access has been granted to the appropriate organization(s) for the Firebase CLI GitHub OAuth App: 
[info] https://github.com/settings/connections/applications/89cf50f02ac6aaed3484
[info] 
[debug] [2026-03-06T15:08:07.426Z] >>> [apiv2][query] GET https://api.github.com/repos//actions/secrets/public-key type=owner
[debug] [2026-03-06T15:08:07.710Z] <<< [apiv2][status] GET https://api.github.com/repos//actions/secrets/public-key 404
[debug] [2026-03-06T15:08:07.711Z] <<< [apiv2][body] GET https://api.github.com/repos//actions/secrets/public-key {"message":"Not Found","documentation_url":"https://docs.github.com/rest","status":"404"}
[info] 
[info] 
[error] !  The provided authorization cannot be used with this repository. If this repository is in an organization, did you remember to grant access? 
[info] 
[info] i  Action required: Visit this URL to ensure access has been granted to the appropriate organization(s) for the Firebase CLI GitHub OAuth App: 
[info] https://github.com/settings/connections/applications/89cf50f02ac6aaed3484
[info] 
[debug] [2026-03-06T15:08:14.210Z] >>> [apiv2][query] GET https://api.github.com/repos/y/actions/secrets/public-key type=owner
[debug] [2026-03-06T15:08:14.402Z] <<< [apiv2][status] GET https://api.github.com/repos/y/actions/secrets/public-key 404
[debug] [2026-03-06T15:08:14.402Z] <<< [apiv2][body] GET https://api.github.com/repos/y/actions/secrets/public-key {"message":"Not Found","documentation_url":"https://docs.github.com/rest","status":"404"}
[info] 
[info] 
[error] !  The provided authorization cannot be used with this repository. If this repository is in an organization, did you remember to grant access? 
[info] 
[info] i  Action required: Visit this URL to ensure access has been granted to the appropriate organization(s) for the Firebase CLI GitHub OAuth App: 
[info] https://github.com/settings/connections/applications/89cf50f02ac6aaed3484
[info] 
[debug] [2026-03-06T15:09:48.742Z] >>> [apiv2][query] GET https://api.github.com/repos/y/actions/secrets/public-key type=owner
[debug] [2026-03-06T15:09:49.023Z] <<< [apiv2][status] GET https://api.github.com/repos/y/actions/secrets/public-key 404
[debug] [2026-03-06T15:09:49.024Z] <<< [apiv2][body] GET https://api.github.com/repos/y/actions/secrets/public-key {"message":"Not Found","documentation_url":"https://docs.github.com/rest","status":"404"}
[info] 
[info] 
[error] !  The provided authorization cannot be used with this repository. If this repository is in an organization, did you remember to grant access? 
[info] 
[info] i  Action required: Visit this URL to ensure access has been granted to the appropriate organization(s) for the Firebase CLI GitHub OAuth App: 
[info] https://github.com/settings/connections/applications/89cf50f02ac6aaed3484
[info] 
